;  LST file generated by mikroListExporter - v.2.0 
; Date/Time: 9/4/2023 11:44:07 AM
;----------------------------------------------

;Address Opcode 	ASM
0x0000	0xF000EF20  	GOTO        64
0x0004	0x0000      	NOP
0x0006	0x0000      	NOP
0x0008	0xF000EF00  	GOTO        0
0x000C	0x0000      	NOP
0x000E	0x0000      	NOP
0x0010	0x0000      	NOP
0x0012	0x0000      	NOP
0x0014	0x0000      	NOP
0x0016	0x0000      	NOP
0x0018	0xD7F3      	BRA         0
_configurar:
;hola_mundo_v2_tmr0.c,1 :: 		void configurar()
;hola_mundo_v2_tmr0.c,4 :: 		T0CON = 0x68;
0x001C	0x0E68      	MOVLW       104
0x001E	0x6ED5      	MOVWF       T0CON 
;hola_mundo_v2_tmr0.c,5 :: 		TMR0L = 0xED;
0x0020	0x0EED      	MOVLW       237
0x0022	0x6ED6      	MOVWF       TMR0L 
;hola_mundo_v2_tmr0.c,6 :: 		TMR0H = 0x00;
0x0024	0x6AD7      	CLRF        TMR0H 
;hola_mundo_v2_tmr0.c,9 :: 		ADCON1 = 0xFF;
0x0026	0x0EFF      	MOVLW       255
0x0028	0x6EC1      	MOVWF       ADCON1 
;hola_mundo_v2_tmr0.c,10 :: 		TRISA = 0x10; // encendido para que sea de entrada
0x002A	0x0E10      	MOVLW       16
0x002C	0x6E92      	MOVWF       TRISA 
;hola_mundo_v2_tmr0.c,11 :: 		PORTA = 0x00;
0x002E	0x6A80      	CLRF        PORTA 
;hola_mundo_v2_tmr0.c,12 :: 		TRISD = 0x00;
0x0030	0x6A95      	CLRF        TRISD 
;hola_mundo_v2_tmr0.c,13 :: 		PORTD = 0x00;
0x0032	0x6A83      	CLRF        PORTD 
;hola_mundo_v2_tmr0.c,16 :: 		INTCON  = 0x84;
0x0034	0x0E84      	MOVLW       132
0x0036	0x6EF2      	MOVWF       INTCON 
;hola_mundo_v2_tmr0.c,17 :: 		INTCON2 = 0x84;
0x0038	0x0E84      	MOVLW       132
0x003A	0x6EF1      	MOVWF       INTCON2 
;hola_mundo_v2_tmr0.c,18 :: 		T0IE_bit = 1; // TIMER0 = 1
0x003C	0x8AF2      	BSF         T0IE_bit, BitPos(T0IE_bit+0) 
;hola_mundo_v2_tmr0.c,20 :: 		}
L_end_configurar:
0x003E	0x0012      	RETURN      0
; end of _configurar
_main:
;hola_mundo_v2_tmr0.c,22 :: 		void main()
;hola_mundo_v2_tmr0.c,24 :: 		int contador = 0;
;hola_mundo_v2_tmr0.c,26 :: 		configurar();
0x0040	0xDFED      	RCALL       _configurar
;hola_mundo_v2_tmr0.c,28 :: 		while (1) // while true
L_main0:
;hola_mundo_v2_tmr0.c,30 :: 		PORTD ++; // esto para hacerlo contador
0x0042	0x5083      	MOVF        PORTD, 0 
0x0044	0x0F01      	ADDLW       1
0x0046	0x6E00      	MOVWF       R0 
0x0048	0xFF83C000  	MOVFF       R0, PORTD
;hola_mundo_v2_tmr0.c,32 :: 		delay_ms(200);
0x004C	0x0E03      	MOVLW       3
0x004E	0x6E0B      	MOVWF       R11, 0
0x0050	0x0E08      	MOVLW       8
0x0052	0x6E0C      	MOVWF       R12, 0
0x0054	0x0E77      	MOVLW       119
0x0056	0x6E0D      	MOVWF       R13, 0
L_main2:
0x0058	0x2E0D      	DECFSZ      R13, 1, 0
0x005A	0xD7FE      	BRA         L_main2
0x005C	0x2E0C      	DECFSZ      R12, 1, 0
0x005E	0xD7FC      	BRA         L_main2
0x0060	0x2E0B      	DECFSZ      R11, 1, 0
0x0062	0xD7FA      	BRA         L_main2
;hola_mundo_v2_tmr0.c,33 :: 		}
0x0064	0xD7EE      	BRA         L_main0
;hola_mundo_v2_tmr0.c,34 :: 		}
L_end_main:
0x0066	0xD7FF      	BRA         $+0
; end of _main
Symbol List:
//** Routines locations **
//ADDRESS    SIZE    PROCEDURE
//----------------------------------------------
0x001C      [36]    _configurar
0x0040      [40]    _main
//** Variables locations ** 
//ADDRESS    SIZE    VARIABLE
//----------------------------------------------
0x0000       [1]    R0
0x0001       [1]    R1
0x0002       [1]    R2
0x0003       [1]    R3
0x0004       [1]    R4
0x0005       [1]    R5
0x0006       [1]    R6
0x0007       [1]    R7
0x0008       [1]    R8
0x0009       [1]    R9
0x000A       [1]    R10
0x000B       [1]    R11
0x000C       [1]    R12
0x000D       [1]    R13
0x000E       [1]    R14
0x000F       [1]    R15
0x0010       [1]    R16
0x0011       [1]    R17
0x0012       [1]    R18
0x0013       [1]    R19
0x0014       [1]    R20
0x0F80       [1]    PORTA
0x0F83       [1]    PORTD
0x0F92       [1]    TRISA
0x0F95       [1]    TRISD
0x0FC1       [1]    ADCON1
0x0FD5       [1]    T0CON
0x0FD6       [1]    TMR0L
0x0FD7       [1]    TMR0H
0x0FD8       [1]    STATUS
0x0FD9       [1]    FSR2L
0x0FDA       [1]    FSR2H
0x0FDE       [1]    POSTINC2
0x0FE0       [1]    BSR
0x0FE1       [1]    FSR1L
0x0FE2       [1]    FSR1H
0x0FE4       [1]    PREINC1
0x0FE6       [1]    POSTINC1
0x0FE7       [1]    INDF1
0x0FE8       [1]    WREG
0x0FE9       [1]    FSR0L
0x0FEA       [1]    FSR0H
0x0FEE       [1]    POSTINC0
0x0FF1       [1]    INTCON2
0x0FF2       [0]    T0IE_bit
0x0FF2       [1]    INTCON
0x0FF3       [1]    PRODL
0x0FF4       [1]    PRODH
0x0FF5       [1]    TABLAT
0x0FF6       [1]    TBLPTRL
0x0FF7       [1]    TBLPTRH
0x0FF8       [1]    TBLPTRU
